JsUtil:sql=====select * from tlk_员工信息 where item_用户='11e3-9544-1111a2cb-a2c5-53255716f388'
org.mozilla.javascript.WrappedException: Wrapped cn.myapps.base.OBPMValidateException: Form: 费用项目 does not exist (baselib#338)
	at org.mozilla.javascript.Context.throwAsScriptRuntimeEx(Unknown Source)
	at org.mozilla.javascript.MemberBox.invoke(Unknown Source)
	at org.mozilla.javascript.NativeJavaMethod.call(Unknown Source)
	at org.mozilla.javascript.optimizer.OptRuntime.call2(Unknown Source)
	at org.mozilla.javascript.gen.c71._c19(baselib:338)
	at org.mozilla.javascript.gen.c71.call(baselib)
	at org.mozilla.javascript.optimizer.OptRuntime.callName(Unknown Source)
	at org.mozilla.javascript.gen.c250._c0(Form.费用报销管理.Field(11e5-b2c9-25e73d08-ba37-65a65f8af52f).11e5-b2c9-25e73d08-ba37-65a65f8af52f.toHtmlText:5)
	at org.mozilla.javascript.gen.c250.call(Form.费用报销管理.Field(11e5-b2c9-25e73d08-ba37-65a65f8af52f).11e5-b2c9-25e73d08-ba37-65a65f8af52f.toHtmlText)
	at org.mozilla.javascript.ContextFactory.doTopCall(Unknown Source)
	at org.mozilla.javascript.ScriptRuntime.doTopCall(Unknown Source)
	at org.mozilla.javascript.gen.c250.call(Form.费用报销管理.Field(11e5-b2c9-25e73d08-ba37-65a65f8af52f).11e5-b2c9-25e73d08-ba37-65a65f8af52f.toHtmlText)
	at org.mozilla.javascript.gen.c250.exec(Form.费用报销管理.Field(11e5-b2c9-25e73d08-ba37-65a65f8af52f).11e5-b2c9-25e73d08-ba37-65a65f8af52f.toHtmlText)
	at cn.myapps.core.macro.runner.JavaScriptRunner.run(JavaScriptRunner.java:135)
	at cn.myapps.core.dynaform.form.ejb.CalctextField.toHtmlTxt(CalctextField.java:72)
	at cn.myapps.core.dynaform.form.ejb.Form.toCalctext(Form.java:620)
	at cn.myapps.core.dynaform.form.ejb.Form.toCalctext(Form.java:575)
	at cn.myapps.core.dynaform.form.ejb.Form.toHtml(Form.java:1545)
	at cn.myapps.protection.util.WarpProcessFactory$WarpForm.toHtml(WarpProcessFactory.java:889)
	at cn.myapps.core.dynaform.document.html.DocumentHtmlBean.toDefaultFormHTML(DocumentHtmlBean.java:317)
	at cn.myapps.core.dynaform.document.html.DocumentHtmlBean.getFormHTML(DocumentHtmlBean.java:302)
	at org.apache.jsp.portal.H5.dynaform.document.content_jsp._jspService(content_jsp.java:2045)
	at org.apache.jasper.runtime.HttpJspBase.service(HttpJspBase.java:70)
	at javax.servlet.http.HttpServlet.service(HttpServlet.java:727)
	at org.apache.jasper.servlet.JspServletWrapper.service(JspServletWrapper.java:432)
	at org.apache.jasper.servlet.JspServlet.serviceJspFile(JspServlet.java:395)
	at org.apache.jasper.servlet.JspServlet.service(JspServlet.java:339)
	at javax.servlet.http.HttpServlet.service(HttpServlet.java:727)
	at org.apache.catalina.core.ApplicationFilterChain.internalDoFilter(ApplicationFilterChain.java:303)
	at org.apache.catalina.core.ApplicationFilterChain.doFilter(ApplicationFilterChain.java:208)
	at org.apache.tomcat.websocket.server.WsFilter.doFilter(WsFilter.java:52)
	at org.apache.catalina.core.ApplicationFilterChain.internalDoFilter(ApplicationFilterChain.java:241)
	at org.apache.catalina.core.ApplicationFilterChain.doFilter(ApplicationFilterChain.java:208)
	at org.apache.struts2.dispatcher.ng.filter.StrutsPrepareAndExecuteFilter.doFilter(StrutsPrepareAndExecuteFilter.java:96)
	at org.apache.catalina.core.ApplicationFilterChain.internalDoFilter(ApplicationFilterChain.java:241)
	at org.apache.catalina.core.ApplicationFilterChain.doFilter(ApplicationFilterChain.java:208)
	at org.apache.catalina.core.ApplicationDispatcher.invoke(ApplicationDispatcher.java:748)
	at org.apache.catalina.core.ApplicationDispatcher.processRequest(ApplicationDispatcher.java:486)
	at org.apache.catalina.core.ApplicationDispatcher.doForward(ApplicationDispatcher.java:411)
	at org.apache.catalina.core.ApplicationDispatcher.forward(ApplicationDispatcher.java:338)
	at org.apache.struts2.dispatcher.ServletDispatcherResult.doExecute(ServletDispatcherResult.java:164)
	at cn.myapps.base.web.ServletResult.OBPMServletDispatcherResult.doExecute(OBPMServletDispatcherResult.java:34)
	at org.apache.struts2.dispatcher.StrutsResultSupport.execute(StrutsResultSupport.java:191)
	at com.opensymphony.xwork2.DefaultActionInvocation.executeResult(DefaultActionInvocation.java:372)
	at com.opensymphony.xwork2.DefaultActionInvocation.invoke(DefaultActionInvocation.java:276)
	at com.opensymphony.xwork2.interceptor.ParametersInterceptor.doIntercept(ParametersInterceptor.java:229)
	at com.opensymphony.xwork2.interceptor.MethodFilterInterceptor.intercept(MethodFilterInterceptor.java:98)
	at com.opensymphony.xwork2.DefaultActionInvocation.invoke(DefaultActionInvocation.java:245)
	at org.apache.struts2.impl.StrutsActionProxy.execute(StrutsActionProxy.java:54)
	at org.apache.struts2.dispatcher.Dispatcher.serviceAction(Dispatcher.java:575)
	at org.apache.struts2.dispatcher.ng.ExecuteOperations.executeAction(ExecuteOperations.java:81)
	at org.apache.struts2.dispatcher.ng.filter.StrutsPrepareAndExecuteFilter.doFilter(StrutsPrepareAndExecuteFilter.java:99)
	at org.apache.catalina.core.ApplicationFilterChain.internalDoFilter(ApplicationFilterChain.java:241)
	at org.apache.catalina.core.ApplicationFilterChain.doFilter(ApplicationFilterChain.java:208)
	at cn.myapps.base.web.filter.PersistenceFilter.doFilter(PersistenceFilter.java:34)
	at org.apache.catalina.core.ApplicationFilterChain.internalDoFilter(ApplicationFilterChain.java:241)
	at org.apache.catalina.core.ApplicationFilterChain.doFilter(ApplicationFilterChain.java:208)
	at cn.myapps.base.web.filter.SecurityFilter.doFilter(SecurityFilter.java:156)
	at org.apache.catalina.core.ApplicationFilterChain.internalDoFilter(ApplicationFilterChain.java:241)
	at org.apache.catalina.core.ApplicationFilterChain.doFilter(ApplicationFilterChain.java:208)
	at org.jasig.cas.client.util.AssertionThreadLocalFilter.doFilter(AssertionThreadLocalFilter.java:54)
	at org.apache.catalina.core.ApplicationFilterChain.internalDoFilter(ApplicationFilterChain.java:241)
	at org.apache.catalina.core.ApplicationFilterChain.doFilter(ApplicationFilterChain.java:208)
	at org.jasig.cas.client.util.HttpServletRequestWrapperFilter.doFilter(HttpServletRequestWrapperFilter.java:75)
	at org.apache.catalina.core.ApplicationFilterChain.internalDoFilter(ApplicationFilterChain.java:241)
	at org.apache.catalina.core.ApplicationFilterChain.doFilter(ApplicationFilterChain.java:208)
	at org.jasig.cas.client.validation.AbstractTicketValidationFilter.doFilter(AbstractTicketValidationFilter.java:197)
	at org.apache.catalina.core.ApplicationFilterChain.internalDoFilter(ApplicationFilterChain.java:241)
	at org.apache.catalina.core.ApplicationFilterChain.doFilter(ApplicationFilterChain.java:208)
	at cn.myapps.core.sso.cas.filter.OBPMAuthenticationFilter.doFilter(OBPMAuthenticationFilter.java:87)
	at org.apache.catalina.core.ApplicationFilterChain.internalDoFilter(ApplicationFilterChain.java:241)
	at org.apache.catalina.core.ApplicationFilterChain.doFilter(ApplicationFilterChain.java:208)
	at org.jasig.cas.client.session.SingleSignOutFilter.doFilter(SingleSignOutFilter.java:76)
	at org.apache.catalina.core.ApplicationFilterChain.internalDoFilter(ApplicationFilterChain.java:241)
	at org.apache.catalina.core.ApplicationFilterChain.doFilter(ApplicationFilterChain.java:208)
	at cn.myapps.base.web.filter.EncodingFilter.doFilter(EncodingFilter.java:28)
	at org.apache.catalina.core.ApplicationFilterChain.internalDoFilter(ApplicationFilterChain.java:241)
	at org.apache.catalina.core.ApplicationFilterChain.doFilter(ApplicationFilterChain.java:208)
	at org.apache.catalina.core.StandardWrapperValve.invoke(StandardWrapperValve.java:220)
	at org.apache.catalina.core.StandardContextValve.invoke(StandardContextValve.java:122)
	at org.apache.catalina.authenticator.AuthenticatorBase.invoke(AuthenticatorBase.java:503)
	at org.apache.catalina.core.StandardHostValve.invoke(StandardHostValve.java:170)
	at org.apache.catalina.valves.ErrorReportValve.invoke(ErrorReportValve.java:103)
	at org.apache.catalina.valves.AccessLogValve.invoke(AccessLogValve.java:950)
	at org.apache.catalina.core.StandardEngineValve.invoke(StandardEngineValve.java:116)
	at org.apache.catalina.connector.CoyoteAdapter.service(CoyoteAdapter.java:421)
	at org.apache.coyote.http11.AbstractHttp11Processor.process(AbstractHttp11Processor.java:1070)
	at org.apache.coyote.AbstractProtocol$AbstractConnectionHandler.process(AbstractProtocol.java:611)
	at org.apache.tomcat.util.net.JIoEndpoint$SocketProcessor.run(JIoEndpoint.java:316)
	at java.util.concurrent.ThreadPoolExecutor.runWorker(ThreadPoolExecutor.java:1145)
	at java.util.concurrent.ThreadPoolExecutor$Worker.run(ThreadPoolExecutor.java:615)
	at org.apache.tomcat.util.threads.TaskThread$WrappingRunnable.run(TaskThread.java:61)
	at java.lang.Thread.run(Thread.java:745)
Caused by: cn.myapps.base.OBPMValidateException: Form: 费用项目 does not exist
	at cn.myapps.core.dynaform.document.dao.AbstractDocStaticTblDAO.getTableMapping(AbstractDocStaticTblDAO.java:129)
	at cn.myapps.core.dynaform.document.dao.AbstractDocStaticTblDAO.queryByDQLPage(AbstractDocStaticTblDAO.java:1605)
	at cn.myapps.core.dynaform.document.dao.AbstractDocStaticTblDAO.queryByDQLPage(AbstractDocStaticTblDAO.java:1338)
	at cn.myapps.core.dynaform.document.dao.AbstractDocStaticTblDAO.queryByDQL(AbstractDocStaticTblDAO.java:1505)
	at cn.myapps.core.dynaform.document.ejb.DocumentProcessBean.queryByDQL(DocumentProcessBean.java:849)
	at sun.reflect.NativeMethodAccessorImpl.invoke0(Native Method)
	at sun.reflect.NativeMethodAccessorImpl.invoke(NativeMethodAccessorImpl.java:57)
	at sun.reflect.DelegatingMethodAccessorImpl.invoke(DelegatingMethodAccessorImpl.java:43)
	at java.lang.reflect.Method.invoke(Method.java:606)
	... 92 more
