JsUtil:roles=======员工|
JsUtil:roles=======员工|分配管理员|
JsUtil:roles=======员工|分配管理员|销售总监|
JsUtil:roles=======员工|分配管理员|销售总监|CRM管理员|
JsUtil:roles=======员工|分配管理员|销售总监|CRM管理员|销售人员|
JsUtil:roles=======员工|分配管理员|销售总监|CRM管理员|销售人员|系统管理员|
JsUtil:roles=======员工|分配管理员|销售总监|CRM管理员|销售人员|系统管理员|销售主管|
JsUtil:roles=======员工|分配管理员|销售总监|CRM管理员|销售人员|系统管理员|销售主管|财务人员|
JsUtil:roles=======员工|分配管理员|销售总监|CRM管理员|销售人员|系统管理员|销售主管|财务人员|测试人员|
JsUtil:roles=======员工|
JsUtil:roles=======员工|分配管理员|
JsUtil:roles=======员工|分配管理员|销售总监|
JsUtil:roles=======员工|分配管理员|销售总监|CRM管理员|
JsUtil:roles=======员工|分配管理员|销售总监|CRM管理员|销售人员|
JsUtil:roles=======员工|分配管理员|销售总监|CRM管理员|销售人员|系统管理员|
JsUtil:roles=======员工|分配管理员|销售总监|CRM管理员|销售人员|系统管理员|销售主管|
JsUtil:roles=======员工|分配管理员|销售总监|CRM管理员|销售人员|系统管理员|销售主管|财务人员|
JsUtil:roles=======员工|分配管理员|销售总监|CRM管理员|销售人员|系统管理员|销售主管|财务人员|测试人员|
JsUtil:----------------rtn ----------2018-09-29 16:16:50
JsUtil:roles=======员工|
JsUtil:roles=======员工|分配管理员|
JsUtil:roles=======员工|分配管理员|销售总监|
JsUtil:roles=======员工|分配管理员|销售总监|CRM管理员|
JsUtil:roles=======员工|分配管理员|销售总监|CRM管理员|销售人员|
JsUtil:roles=======员工|分配管理员|销售总监|CRM管理员|销售人员|系统管理员|
JsUtil:roles=======员工|分配管理员|销售总监|CRM管理员|销售人员|系统管理员|销售主管|
JsUtil:roles=======员工|分配管理员|销售总监|CRM管理员|销售人员|系统管理员|销售主管|财务人员|
JsUtil:roles=======员工|分配管理员|销售总监|CRM管理员|销售人员|系统管理员|销售主管|财务人员|测试人员|
JsUtil:roles=======员工|
JsUtil:roles=======员工|分配管理员|
JsUtil:roles=======员工|分配管理员|销售总监|
JsUtil:roles=======员工|分配管理员|销售总监|CRM管理员|
JsUtil:roles=======员工|分配管理员|销售总监|CRM管理员|销售人员|
JsUtil:roles=======员工|分配管理员|销售总监|CRM管理员|销售人员|系统管理员|
JsUtil:roles=======员工|分配管理员|销售总监|CRM管理员|销售人员|系统管理员|销售主管|
JsUtil:roles=======员工|分配管理员|销售总监|CRM管理员|销售人员|系统管理员|销售主管|财务人员|
JsUtil:roles=======员工|分配管理员|销售总监|CRM管理员|销售人员|系统管理员|销售主管|财务人员|测试人员|
JsUtil:----------------rtn ----------2018-09-29 16:16:53
JsUtil:roles=======员工|
JsUtil:roles=======员工|分配管理员|
JsUtil:roles=======员工|分配管理员|销售总监|
JsUtil:roles=======员工|分配管理员|销售总监|CRM管理员|
JsUtil:roles=======员工|分配管理员|销售总监|CRM管理员|销售人员|
JsUtil:roles=======员工|分配管理员|销售总监|CRM管理员|销售人员|系统管理员|
JsUtil:roles=======员工|分配管理员|销售总监|CRM管理员|销售人员|系统管理员|销售主管|
JsUtil:roles=======员工|分配管理员|销售总监|CRM管理员|销售人员|系统管理员|销售主管|财务人员|
JsUtil:roles=======员工|分配管理员|销售总监|CRM管理员|销售人员|系统管理员|销售主管|财务人员|测试人员|
JsUtil:roles=======员工|
JsUtil:roles=======员工|分配管理员|
JsUtil:roles=======员工|分配管理员|销售总监|
JsUtil:roles=======员工|分配管理员|销售总监|CRM管理员|
JsUtil:roles=======员工|分配管理员|销售总监|CRM管理员|销售人员|
JsUtil:roles=======员工|分配管理员|销售总监|CRM管理员|销售人员|系统管理员|
JsUtil:roles=======员工|分配管理员|销售总监|CRM管理员|销售人员|系统管理员|销售主管|
JsUtil:roles=======员工|分配管理员|销售总监|CRM管理员|销售人员|系统管理员|销售主管|财务人员|
JsUtil:roles=======员工|分配管理员|销售总监|CRM管理员|销售人员|系统管理员|销售主管|财务人员|测试人员|
JsUtil:----------------rtn ----------2018-09-29 16:17:04
JsUtil:roles=======员工|
JsUtil:roles=======员工|分配管理员|
JsUtil:roles=======员工|分配管理员|销售总监|
JsUtil:roles=======员工|分配管理员|销售总监|CRM管理员|
JsUtil:roles=======员工|分配管理员|销售总监|CRM管理员|销售人员|
JsUtil:roles=======员工|分配管理员|销售总监|CRM管理员|销售人员|系统管理员|
JsUtil:roles=======员工|分配管理员|销售总监|CRM管理员|销售人员|系统管理员|销售主管|
JsUtil:roles=======员工|分配管理员|销售总监|CRM管理员|销售人员|系统管理员|销售主管|财务人员|
JsUtil:roles=======员工|分配管理员|销售总监|CRM管理员|销售人员|系统管理员|销售主管|财务人员|测试人员|
JsUtil:roles=======员工|
JsUtil:roles=======员工|分配管理员|
JsUtil:roles=======员工|分配管理员|销售总监|
JsUtil:roles=======员工|分配管理员|销售总监|CRM管理员|
JsUtil:roles=======员工|分配管理员|销售总监|CRM管理员|销售人员|
JsUtil:roles=======员工|分配管理员|销售总监|CRM管理员|销售人员|系统管理员|
JsUtil:roles=======员工|分配管理员|销售总监|CRM管理员|销售人员|系统管理员|销售主管|
JsUtil:roles=======员工|分配管理员|销售总监|CRM管理员|销售人员|系统管理员|销售主管|财务人员|
JsUtil:roles=======员工|分配管理员|销售总监|CRM管理员|销售人员|系统管理员|销售主管|财务人员|测试人员|
JsUtil:----------------rtn ----------2016-08-18 17:29:00
JsUtil:----------------rtn ----------2016-08-18 18:01:51
JsUtil:roles=======员工|
JsUtil:roles=======员工|分配管理员|
JsUtil:roles=======员工|分配管理员|销售总监|
JsUtil:roles=======员工|分配管理员|销售总监|CRM管理员|
JsUtil:roles=======员工|分配管理员|销售总监|CRM管理员|销售人员|
JsUtil:roles=======员工|分配管理员|销售总监|CRM管理员|销售人员|系统管理员|
JsUtil:roles=======员工|分配管理员|销售总监|CRM管理员|销售人员|系统管理员|销售主管|
JsUtil:roles=======员工|分配管理员|销售总监|CRM管理员|销售人员|系统管理员|销售主管|财务人员|
JsUtil:roles=======员工|分配管理员|销售总监|CRM管理员|销售人员|系统管理员|销售主管|财务人员|测试人员|
JsUtil:roles=======员工|
JsUtil:roles=======员工|分配管理员|
JsUtil:roles=======员工|分配管理员|销售总监|
JsUtil:roles=======员工|分配管理员|销售总监|CRM管理员|
JsUtil:roles=======员工|分配管理员|销售总监|CRM管理员|销售人员|
JsUtil:roles=======员工|分配管理员|销售总监|CRM管理员|销售人员|系统管理员|
JsUtil:roles=======员工|分配管理员|销售总监|CRM管理员|销售人员|系统管理员|销售主管|
JsUtil:roles=======员工|分配管理员|销售总监|CRM管理员|销售人员|系统管理员|销售主管|财务人员|
JsUtil:roles=======员工|分配管理员|销售总监|CRM管理员|销售人员|系统管理员|销售主管|财务人员|测试人员|
